-------------------------------------------------------------------------------
Test set: com.Hexaware.CMS.MenuTest
-------------------------------------------------------------------------------
Tests run: 2, Failures: 1, Errors: 0, Skipped: 0, Time elapsed: 0.071 s <<< FAILURE! - in com.Hexaware.CMS.MenuTest
testToString(com.Hexaware.CMS.MenuTest)  Time elapsed: 0.01 s  <<< FAILURE!
org.junit.ComparisonFailure: expected:<[Menu id:101Menu Name:BurgerMenu Price100.0]> but was:<[Food ID:101 Food Name:Burger Food Price:100.0 Vendor ID:1]>
	at com.Hexaware.CMS.MenuTest.testToString(MenuTest.java:33)

