<?xml version="1.0" encoding="UTF-8"?>
<testsuite xmlns:xsi="http://www.w3.org/2001/XMLSchema-instance" xsi:noNamespaceSchemaLocation="https://maven.apache.org/surefire/maven-surefire-plugin/xsd/surefire-test-report.xsd" name="com.Hexaware.CMS.MenuTest" time="0.071" tests="2" errors="0" skipped="0" failures="1">
  <properties>
[...]
</properties>
  <testcase name="testGet" classname="com.Hexaware.CMS.MenuTest" time="0.001"/>
  <testcase name="testToString" classname="com.Hexaware.CMS.MenuTest" time="0.01">
    <failure message="expected:&lt;[Menu id:101Menu Name:BurgerMenu Price100.0]&gt; but was:&lt;[Food ID:101 Food Name:Burger Food Price:100.0 Vendor ID:1]&gt;" type="org.junit.ComparisonFailure"><![CDATA[org.junit.ComparisonFailure: expected:<[Menu id:101Menu Name:BurgerMenu Price100.0]> but was:<[Food ID:101 Food Name:Burger Food Price:100.0 Vendor ID:1]>
	at com.Hexaware.CMS.MenuTest.testToString(MenuTest.java:33)
]]></failure>
  </testcase>
</testsuite>